<?xml version="1.0" encoding="UTF-8"?>
<!-- Generated by org.testng.reporters.JUnitXMLReporter -->
<testsuite ignored="0" hostname="DESKTOP-CHGLAQ3" failures="0" tests="3" name="Default test" time="28.341" errors="0" timestamp="2022-05-04T08:29:37 IST">
  <testcase classname="testCases.LoginTest" name="dataDrivenTest" time="10.573"/>
  <testcase classname="testCases.LoginTest" name="dataDrivenTest" time="7.922"/>
  <testcase classname="testCases.LoginTest" name="dataDrivenTest" time="8.305"/>
</testsuite> <!-- Default test -->
